# JRE version: Java(TM) SE Runtime Environment (8.0_112-b15) (build 1.8.0_112-b15)
# Java VM: Java HotSpot(TM) 64-Bit Server VM (25.112-b15 mixed mode windows-amd64 compressed oops)
Heap:
 PSYoungGen      total 54784K, used 44389K [0x00000007bc400000, 0x00000007c0000000, 0x00000007c0000000)
  eden space 48128K, 81% used [0x00000007bc400000,0x00000007bea6f720,0x00000007bf300000)
  from space 6656K, 75% used [0x00000007bf980000,0x00000007bfe69ea8,0x00000007c0000000)
  to   space 6656K, 0% used [0x00000007bf300000,0x00000007bf300000,0x00000007bf980000)
 ParOldGen       total 152576K, used 91980K [0x0000000700000000, 0x0000000709500000, 0x00000007bc400000)
  object space 152576K, 60% used [0x0000000700000000,0x00000007059d3020,0x0000000709500000)
 Metaspace       used 80409K, capacity 81169K, committed 81664K, reserved 1120256K
  class space    used 11513K, capacity 11672K, committed 11776K, reserved 1048576K
GC Heap History (10 events):
Event: 17748.877 GC heap before
{Heap before GC invocations=531 (full 19):
 PSYoungGen      total 53248K, used 48775K [0x00000007bc400000, 0x00000007c0000000, 0x00000007c0000000)
  eden space 45056K, 100% used [0x00000007bc400000,0x00000007bf000000,0x00000007bf000000)
  from space 8192K, 45% used [0x00000007bf000000,0x00000007bf3a1ea8,0x00000007bf800000)
  to   space 7680K, 0% used [0x00000007bf880000,0x00000007bf880000,0x00000007c0000000)
 ParOldGen       total 152576K, used 91669K [0x0000000700000000, 0x0000000709500000, 0x00000007bc400000)
  object space 152576K, 60% used [0x0000000700000000,0x00000007059854f0,0x0000000709500000)
 Metaspace       used 80309K, capacity 81093K, committed 81664K, reserved 1120256K
  class space    used 11509K, capacity 11670K, committed 11776K, reserved 1048576K
Event: 17748.881 GC heap after
Heap after GC invocations=531 (full 19):
 PSYoungGen      total 54272K, used 3687K [0x00000007bc400000, 0x00000007c0000000, 0x00000007c0000000)
  eden space 46592K, 0% used [0x00000007bc400000,0x00000007bc400000,0x00000007bf180000)
  from space 7680K, 48% used [0x00000007bf880000,0x00000007bfc19ea8,0x00000007c0000000)
  to   space 7168K, 0% used [0x00000007bf180000,0x00000007bf180000,0x00000007bf880000)
 ParOldGen       total 152576K, used 91764K [0x0000000700000000, 0x0000000709500000, 0x00000007bc400000)
  object space 152576K, 60% used [0x0000000700000000,0x000000070599d020,0x0000000709500000)
 Metaspace       used 80309K, capacity 81093K, committed 81664K, reserved 1120256K
  class space    used 11509K, capacity 11670K, committed 11776K, reserved 1048576K
}
Event: 17757.103 GC heap before
{Heap before GC invocations=532 (full 19):
 PSYoungGen      total 54272K, used 50279K [0x00000007bc400000, 0x00000007c0000000, 0x00000007c0000000)
  eden space 46592K, 100% used [0x00000007bc400000,0x00000007bf180000,0x00000007bf180000)
  from space 7680K, 48% used [0x00000007bf880000,0x00000007bfc19ea8,0x00000007c0000000)
  to   space 7168K, 0% used [0x00000007bf180000,0x00000007bf180000,0x00000007bf880000)
 ParOldGen       total 152576K, used 91764K [0x0000000700000000, 0x0000000709500000, 0x00000007bc400000)
  object space 152576K, 60% used [0x0000000700000000,0x000000070599d020,0x0000000709500000)
 Metaspace       used 80334K, capacity 81093K, committed 81664K, reserved 1120256K
  class space    used 11512K, capacity 11670K, committed 11776K, reserved 1048576K
Event: 17757.107 GC heap after
Heap after GC invocations=532 (full 19):
 PSYoungGen      total 53760K, used 3687K [0x00000007bc400000, 0x00000007c0000000, 0x00000007c0000000)
  eden space 46592K, 0% used [0x00000007bc400000,0x00000007bc400000,0x00000007bf180000)
  from space 7168K, 51% used [0x00000007bf180000,0x00000007bf519ea8,0x00000007bf880000)
  to   space 7168K, 0% used [0x00000007bf900000,0x00000007bf900000,0x00000007c0000000)
 ParOldGen       total 152576K, used 91812K [0x0000000700000000, 0x0000000709500000, 0x00000007bc400000)
  object space 152576K, 60% used [0x0000000700000000,0x00000007059a9020,0x0000000709500000)
 Metaspace       used 80334K, capacity 81093K, committed 81664K, reserved 1120256K
  class space    used 11512K, capacity 11670K, committed 11776K, reserved 1048576K
}
Event: 17805.996 GC heap before
{Heap before GC invocations=533 (full 19):
 PSYoungGen      total 53760K, used 50279K [0x00000007bc400000, 0x00000007c0000000, 0x00000007c0000000)
  eden space 46592K, 100% used [0x00000007bc400000,0x00000007bf180000,0x00000007bf180000)
  from space 7168K, 51% used [0x00000007bf180000,0x00000007bf519ea8,0x00000007bf880000)
  to   space 7168K, 0% used [0x00000007bf900000,0x00000007bf900000,0x00000007c0000000)
 ParOldGen       total 152576K, used 91812K [0x0000000700000000, 0x0000000709500000, 0x00000007bc400000)
  object space 152576K, 60% used [0x0000000700000000,0x00000007059a9020,0x0000000709500000)
 Metaspace       used 80334K, capacity 81093K, committed 81664K, reserved 1120256K
  class space    used 11512K, capacity 11670K, committed 11776K, reserved 1048576K
Event: 17806.000 GC heap after
Heap after GC invocations=533 (full 19):
 PSYoungGen      total 54784K, used 3687K [0x00000007bc400000, 0x00000007c0000000, 0x00000007c0000000)
  eden space 47616K, 0% used [0x00000007bc400000,0x00000007bc400000,0x00000007bf280000)
  from space 7168K, 51% used [0x00000007bf900000,0x00000007bfc99ea8,0x00000007c0000000)
  to   space 6656K, 0% used [0x00000007bf280000,0x00000007bf280000,0x00000007bf900000)
 ParOldGen       total 152576K, used 91860K [0x0000000700000000, 0x0000000709500000, 0x00000007bc400000)
  object space 152576K, 60% used [0x0000000700000000,0x00000007059b5020,0x0000000709500000)
 Metaspace       used 80334K, capacity 81093K, committed 81664K, reserved 1120256K
  class space    used 11512K, capacity 11670K, committed 11776K, reserved 1048576K
}
Event: 17809.962 GC heap before
{Heap before GC invocations=534 (full 19):
 PSYoungGen      total 54784K, used 51303K [0x00000007bc400000, 0x00000007c0000000, 0x00000007c0000000)
  eden space 47616K, 100% used [0x00000007bc400000,0x00000007bf280000,0x00000007bf280000)
  from space 7168K, 51% used [0x00000007bf900000,0x00000007bfc99ea8,0x00000007c0000000)
  to   space 6656K, 0% used [0x00000007bf280000,0x00000007bf280000,0x00000007bf900000)
 ParOldGen       total 152576K, used 91860K [0x0000000700000000, 0x0000000709500000, 0x00000007bc400000)
  object space 152576K, 60% used [0x0000000700000000,0x00000007059b5020,0x0000000709500000)
 Metaspace       used 80336K, capacity 81093K, committed 81664K, reserved 1120256K
  class space    used 11512K, capacity 11670K, committed 11776K, reserved 1048576K
Event: 17809.966 GC heap after
Heap after GC invocations=534 (full 19):
 PSYoungGen      total 54272K, used 3623K [0x00000007bc400000, 0x00000007c0000000, 0x00000007c0000000)
  eden space 47616K, 0% used [0x00000007bc400000,0x00000007bc400000,0x00000007bf280000)
  from space 6656K, 54% used [0x00000007bf280000,0x00000007bf609ea8,0x00000007bf900000)
  to   space 6656K, 0% used [0x00000007bf980000,0x00000007bf980000,0x00000007c0000000)
 ParOldGen       total 152576K, used 91916K [0x0000000700000000, 0x0000000709500000, 0x00000007bc400000)
  object space 152576K, 60% used [0x0000000700000000,0x00000007059c3020,0x0000000709500000)
 Metaspace       used 80336K, capacity 81093K, committed 81664K, reserved 1120256K
  class space    used 11512K, capacity 11670K, committed 11776K, reserved 1048576K
}
Event: 17810.510 GC heap before
{Heap before GC invocations=535 (full 19):
 PSYoungGen      total 54272K, used 51239K [0x00000007bc400000, 0x00000007c0000000, 0x00000007c0000000)
  eden space 47616K, 100% used [0x00000007bc400000,0x00000007bf280000,0x00000007bf280000)
  from space 6656K, 54% used [0x00000007bf280000,0x00000007bf609ea8,0x00000007bf900000)
  to   space 6656K, 0% used [0x00000007bf980000,0x00000007bf980000,0x00000007c0000000)
 ParOldGen       total 152576K, used 91916K [0x0000000700000000, 0x0000000709500000, 0x00000007bc400000)
  object space 152576K, 60% used [0x0000000700000000,0x00000007059c3020,0x0000000709500000)
 Metaspace       used 80390K, capacity 81163K, committed 81664K, reserved 1120256K
  class space    used 11513K, capacity 11671K, committed 11776K, reserved 1048576K
Event: 17810.515 GC heap after
Heap after GC invocations=535 (full 19):
 PSYoungGen      total 54784K, used 5031K [0x00000007bc400000, 0x00000007c0000000, 0x00000007c0000000)
  eden space 48128K, 0% used [0x00000007bc400000,0x00000007bc400000,0x00000007bf300000)
  from space 6656K, 75% used [0x00000007bf980000,0x00000007bfe69ea8,0x00000007c0000000)
  to   space 6656K, 0% used [0x00000007bf300000,0x00000007bf300000,0x00000007bf980000)
 ParOldGen       total 152576K, used 91980K [0x0000000700000000, 0x0000000709500000, 0x00000007bc400000)
  object space 152576K, 60% used [0x0000000700000000,0x00000007059d3020,0x0000000709500000)
 Metaspace       used 80390K, capacity 81163K, committed 81664K, reserved 1120256K
  class space    used 11513K, capacity 11671K, committed 11776K, reserved 1048576K
}

